<?xml version="1.0" encoding="UTF-8"?>
<testsuite name="com.restbucks.RestbucksBootApplicationTests" tests="1" skipped="1" failures="0" errors="0" timestamp="2016-07-21T02:34:40" hostname="Magnuss-MBP.fios-router.home" time="0.0">
  <properties/>
  <testcase name="contextLoads" classname="com.restbucks.RestbucksBootApplicationTests" time="0.0">
    <skipped/>
  </testcase>
  <system-out><![CDATA[21:34:40.881 [Test worker] DEBUG org.springframework.test.context.junit4.SpringJUnit4ClassRunner - SpringJUnit4ClassRunner constructor called with [class com.restbucks.RestbucksBootApplicationTests]
21:34:40.886 [Test worker] DEBUG org.springframework.test.context.BootstrapUtils - Instantiating CacheAwareContextLoaderDelegate from class [org.springframework.test.context.cache.DefaultCacheAwareContextLoaderDelegate]
21:34:40.890 [Test worker] DEBUG org.springframework.test.context.BootstrapUtils - Instantiating BootstrapContext using constructor [public org.springframework.test.context.support.DefaultBootstrapContext(java.lang.Class,org.springframework.test.context.CacheAwareContextLoaderDelegate)]
21:34:40.899 [Test worker] DEBUG org.springframework.test.context.BootstrapUtils - Instantiating TestContextBootstrapper for test class [com.restbucks.RestbucksBootApplicationTests] from class [org.springframework.test.context.web.WebTestContextBootstrapper]
21:34:40.918 [Test worker] DEBUG org.springframework.test.context.web.WebTestContextBootstrapper - Found explicit ContextLoader class [org.springframework.boot.test.SpringApplicationContextLoader] for context configuration attributes [ContextConfigurationAttributes@6e8f41f0 declaringClass = 'com.restbucks.RestbucksBootApplicationTests', classes = '{class com.restbucks.RestbucksBootApplication}', locations = '{}', inheritLocations = true, initializers = '{}', inheritInitializers = true, name = [null], contextLoaderClass = 'org.springframework.boot.test.SpringApplicationContextLoader']
21:34:40.923 [Test worker] DEBUG org.springframework.test.context.support.AbstractContextLoader - Did not detect default resource location for test class [com.restbucks.RestbucksBootApplicationTests]: class path resource [com/restbucks/RestbucksBootApplicationTests-context.xml] does not exist
21:34:40.923 [Test worker] DEBUG org.springframework.test.context.support.AbstractContextLoader - Did not detect default resource location for test class [com.restbucks.RestbucksBootApplicationTests]: class path resource [com/restbucks/RestbucksBootApplicationTestsContext.groovy] does not exist
21:34:40.924 [Test worker] INFO org.springframework.test.context.support.AbstractContextLoader - Could not detect default resource locations for test class [com.restbucks.RestbucksBootApplicationTests]: no resource found for suffixes {-context.xml, Context.groovy}.
21:34:40.925 [Test worker] DEBUG org.springframework.test.context.support.ActiveProfilesUtils - Could not find an 'annotation declaring class' for annotation type [org.springframework.test.context.ActiveProfiles] and class [com.restbucks.RestbucksBootApplicationTests]
21:34:40.928 [Test worker] DEBUG org.springframework.test.context.web.WebTestContextBootstrapper - @TestExecutionListeners is not present for class [com.restbucks.RestbucksBootApplicationTests]: using defaults.
21:34:40.936 [Test worker] INFO org.springframework.test.context.web.WebTestContextBootstrapper - Loaded default TestExecutionListener class names from location [META-INF/spring.factories]: [org.springframework.test.context.web.ServletTestExecutionListener, org.springframework.test.context.support.DirtiesContextBeforeModesTestExecutionListener, org.springframework.test.context.support.DependencyInjectionTestExecutionListener, org.springframework.test.context.support.DirtiesContextTestExecutionListener, org.springframework.test.context.transaction.TransactionalTestExecutionListener, org.springframework.test.context.jdbc.SqlScriptsTestExecutionListener]
21:34:40.954 [Test worker] INFO org.springframework.test.context.web.WebTestContextBootstrapper - Using TestExecutionListeners: [org.springframework.test.context.web.ServletTestExecutionListener@3196888b, org.springframework.test.context.support.DirtiesContextBeforeModesTestExecutionListener@16855ab2, org.springframework.test.context.support.DependencyInjectionTestExecutionListener@382889ad, org.springframework.test.context.support.DirtiesContextTestExecutionListener@6f0724a5, org.springframework.test.context.transaction.TransactionalTestExecutionListener@6a503b1e, org.springframework.test.context.jdbc.SqlScriptsTestExecutionListener@563cac2c]
21:34:40.958 [Test worker] DEBUG org.springframework.test.annotation.ProfileValueUtils - Retrieved @ProfileValueSourceConfiguration [null] for test class [com.restbucks.RestbucksBootApplicationTests]
21:34:40.958 [Test worker] DEBUG org.springframework.test.annotation.ProfileValueUtils - Retrieved ProfileValueSource type [class org.springframework.test.annotation.SystemProfileValueSource] for class [com.restbucks.RestbucksBootApplicationTests]
21:34:40.959 [Test worker] DEBUG org.springframework.test.annotation.ProfileValueUtils - Retrieved @ProfileValueSourceConfiguration [null] for test class [com.restbucks.RestbucksBootApplicationTests]
21:34:40.959 [Test worker] DEBUG org.springframework.test.annotation.ProfileValueUtils - Retrieved ProfileValueSource type [class org.springframework.test.annotation.SystemProfileValueSource] for class [com.restbucks.RestbucksBootApplicationTests]
]]></system-out>
  <system-err><![CDATA[]]></system-err>
</testsuite>
